<?xml version="1.0" encoding="UTF-8"?>
<testng-results ignored="0" total="3" passed="3" failed="0" skipped="0">
  <reporter-output>
  </reporter-output>
  <suite started-at="2024-04-09T02:00:27 IST" name="Default suite" finished-at="2024-04-09T02:00:29 IST" duration-ms="1651">
    <groups>
      <group name="cucumber">
        <method signature="AbstractTestNGCucumberTests.runScenario(io.cucumber.testng.PickleWrapper,io.cucumber.testng.FeatureWrapper)[pri:0, instance:runner.runCuke2@61322f9d]" name="runScenario" class="io.cucumber.testng.AbstractTestNGCucumberTests"/>
      </group> <!-- cucumber -->
    </groups>
    <test started-at="2024-04-09T02:00:27 IST" name="Default test" finished-at="2024-04-09T02:00:29 IST" duration-ms="1651">
      <class name="runner.runCuke2">
        <test-method is-config="true" signature="setUpClass(org.testng.ITestContext)[pri:0, instance:runner.runCuke2@61322f9d]" started-at="2024-04-09T02:00:27 IST" name="setUpClass" finished-at="2024-04-09T02:00:28 IST" duration-ms="695" status="PASS">
          <params>
            <param index="0">
              <value>
                <![CDATA[org.testng.TestRunner@67f77f6e]]>
              </value>
            </param>
          </params>
          <reporter-output>
          </reporter-output>
        </test-method> <!-- setUpClass -->
        <test-method signature="runScenario(io.cucumber.testng.PickleWrapper,io.cucumber.testng.FeatureWrapper)[pri:0, instance:runner.runCuke2@61322f9d]" started-at="2024-04-09T02:00:28 IST" name="runScenario" description="Runs Cucumber Scenarios" data-provider="scenarios" finished-at="2024-04-09T02:00:28 IST" duration-ms="542" status="PASS">
          <params>
            <param index="0">
              <value>
                <![CDATA["user login to easyslenium and validate different inputform menu options using datatables"]]>
              </value>
            </param>
            <param index="1">
              <value>
                <![CDATA["login Feature using datatables"]]>
              </value>
            </param>
          </params>
          <reporter-output>
          </reporter-output>
        </test-method> <!-- runScenario -->
        <test-method signature="runScenario(io.cucumber.testng.PickleWrapper,io.cucumber.testng.FeatureWrapper)[pri:0, instance:runner.runCuke2@61322f9d]" started-at="2024-04-09T02:00:28 IST" name="runScenario" description="Runs Cucumber Scenarios" data-provider="scenarios" finished-at="2024-04-09T02:00:29 IST" duration-ms="35" status="PASS">
          <params>
            <param index="0">
              <value>
                <![CDATA["user login to easyslenium and enter username and password using datatables lists"]]>
              </value>
            </param>
            <param index="1">
              <value>
                <![CDATA["login Feature using datatables"]]>
              </value>
            </param>
          </params>
          <reporter-output>
          </reporter-output>
        </test-method> <!-- runScenario -->
        <test-method signature="runScenario(io.cucumber.testng.PickleWrapper,io.cucumber.testng.FeatureWrapper)[pri:0, instance:runner.runCuke2@61322f9d]" started-at="2024-04-09T02:00:29 IST" name="runScenario" description="Runs Cucumber Scenarios" data-provider="scenarios" finished-at="2024-04-09T02:00:29 IST" duration-ms="31" status="PASS">
          <params>
            <param index="0">
              <value>
                <![CDATA["user login to easyslenium and enter username and password using datatables Maps"]]>
              </value>
            </param>
            <param index="1">
              <value>
                <![CDATA["login Feature using datatables"]]>
              </value>
            </param>
          </params>
          <reporter-output>
          </reporter-output>
        </test-method> <!-- runScenario -->
        <test-method is-config="true" signature="tearDownClass()[pri:0, instance:runner.runCuke2@61322f9d]" started-at="2024-04-09T02:00:29 IST" name="tearDownClass" finished-at="2024-04-09T02:00:29 IST" duration-ms="290" status="PASS">
          <reporter-output>
          </reporter-output>
        </test-method> <!-- tearDownClass -->
      </class> <!-- runner.runCuke2 -->
    </test> <!-- Default test -->
  </suite> <!-- Default suite -->
</testng-results>
